C:\DATA\CODE\SDLTEMPLATE\BIN\GAME.EXE
C:\DATA\CODE\SDLTEMPLATE\BIN\GAME.ILK
C:\DATA\CODE\SDLTEMPLATE\BIN\GAME.PDB
C:\data\code\SDLTemplate\build\win32\msvc10\..\..\..\bin\game.exe
C:\data\code\SDLTemplate\build\win32\msvc10\..\..\..\bin\game.ilk
C:\data\code\SDLTemplate\build\win32\msvc10\..\..\..\bin\game.pdb
C:\data\code\SDLTemplate\build\win32\msvc10\game\Debug\cl.command.1.tlog
C:\data\code\SDLTemplate\build\win32\msvc10\game\Debug\CL.read.1.tlog
C:\data\code\SDLTemplate\build\win32\msvc10\game\Debug\CL.write.1.tlog
C:\DATA\CODE\SDLTEMPLATE\BUILD\WIN32\MSVC10\GAME\DEBUG\GAME.EXE.EMBED.MANIFEST
C:\DATA\CODE\SDLTEMPLATE\BUILD\WIN32\MSVC10\GAME\DEBUG\GAME.EXE.EMBED.MANIFEST.RES
C:\DATA\CODE\SDLTEMPLATE\BUILD\WIN32\MSVC10\GAME\DEBUG\GAME.EXE.INTERMEDIATE.MANIFEST
C:\data\code\SDLTemplate\build\win32\msvc10\game\Debug\game.vcxprojResolveAssemblyReference.cache
C:\data\code\SDLTemplate\build\win32\msvc10\game\Debug\game.write.1.tlog
C:\data\code\SDLTemplate\build\win32\msvc10\game\Debug\game_manifest.rc
C:\data\code\SDLTemplate\build\win32\msvc10\game\Debug\link.7960.read.1.tlog
C:\data\code\SDLTemplate\build\win32\msvc10\game\Debug\link.7960.write.1.tlog
C:\data\code\SDLTemplate\build\win32\msvc10\game\Debug\link.7960-cvtres.read.1.tlog
C:\data\code\SDLTemplate\build\win32\msvc10\game\Debug\link.7960-cvtres.write.1.tlog
C:\data\code\SDLTemplate\build\win32\msvc10\game\Debug\link.9080.read.1.tlog
C:\data\code\SDLTemplate\build\win32\msvc10\game\Debug\link.9080.write.1.tlog
C:\data\code\SDLTemplate\build\win32\msvc10\game\Debug\link.9080-cvtres.read.1.tlog
C:\data\code\SDLTemplate\build\win32\msvc10\game\Debug\link.9080-cvtres.write.1.tlog
C:\data\code\SDLTemplate\build\win32\msvc10\game\Debug\link.command.1.tlog
C:\data\code\SDLTemplate\build\win32\msvc10\game\Debug\link.read.1.tlog
C:\data\code\SDLTemplate\build\win32\msvc10\game\Debug\link.write.1.tlog
C:\data\code\SDLTemplate\build\win32\msvc10\game\Debug\link-cvtres.read.1.tlog
C:\data\code\SDLTemplate\build\win32\msvc10\game\Debug\link-cvtres.write.1.tlog
C:\DATA\CODE\SDLTEMPLATE\BUILD\WIN32\MSVC10\GAME\DEBUG\MAIN.OBJ
C:\data\code\SDLTemplate\build\win32\msvc10\game\Debug\mt.command.1.tlog
C:\data\code\SDLTemplate\build\win32\msvc10\game\Debug\mt.read.1.tlog
C:\data\code\SDLTemplate\build\win32\msvc10\game\Debug\mt.write.1.tlog
C:\data\code\SDLTemplate\build\win32\msvc10\game\Debug\rc.command.1.tlog
C:\data\code\SDLTemplate\build\win32\msvc10\game\Debug\rc.read.1.tlog
C:\data\code\SDLTemplate\build\win32\msvc10\game\Debug\rc.write.1.tlog
C:\data\code\SDLTemplate\build\win32\msvc10\game\Debug\vc100.idb
C:\DATA\CODE\SDLTEMPLATE\BUILD\WIN32\MSVC10\GAME\DEBUG\VC100.PDB
