d:\indie\development\simulo\templates\audio\build\platform\windows\application\debug\precompiled.pch
d:\indie\development\simulo\templates\audio\build\platform\windows\application\debug\application.windows.pdb
d:\indie\development\simulo\templates\audio\build\platform\windows\application\debug\application.windows.idb
d:\indie\development\simulo\templates\audio\build\platform\windows\application\debug\precompiled.obj
d:\indie\development\simulo\templates\audio\build\platform\windows\application\debug\androidsound.obj
d:\indie\development\simulo\templates\audio\build\platform\windows\application\debug\sound.obj
d:\indie\development\simulo\templates\audio\build\platform\windows\application\debug\input.obj
d:\indie\development\simulo\templates\audio\build\platform\windows\application\debug\music.obj
d:\indie\development\simulo\templates\audio\build\platform\windows\application\debug\java.obj
d:\indie\development\simulo\templates\audio\build\platform\windows\application\debug\main.obj
d:\indie\development\simulo\templates\audio\build\platform\windows\application\debug\window.obj
d:\indie\development\simulo\templates\audio\build\platform\windows\application\debug\androidaudio.obj
d:\indie\development\simulo\templates\audio\build\platform\windows\application\debug\stopwatch.obj
d:\indie\development\simulo\templates\audio\build\platform\windows\application\debug\application.windows.lib
d:\indie\development\simulo\templates\audio\build\platform\windows\application\debug\applicat.0c624d38.tlog\cl.command.1.tlog
d:\indie\development\simulo\templates\audio\build\platform\windows\application\debug\applicat.0c624d38.tlog\cl.read.1.tlog
d:\indie\development\simulo\templates\audio\build\platform\windows\application\debug\applicat.0c624d38.tlog\cl.write.1.tlog
d:\indie\development\simulo\templates\audio\build\platform\windows\application\debug\applicat.0c624d38.tlog\lib-link.read.1.tlog
d:\indie\development\simulo\templates\audio\build\platform\windows\application\debug\applicat.0c624d38.tlog\lib-link.write.1.tlog
d:\indie\development\simulo\templates\audio\build\platform\windows\application\debug\applicat.0c624d38.tlog\lib.command.1.tlog
