..\..\..\..\bin\game.ilk
..\..\..\..\bin\game.pdb
C:\DATA\CODE\COCOS2DXTEMPLATE\BIN\GAME.EXE
C:\DATA\CODE\COCOS2DXTEMPLATE\BIN\GAME.ILK
C:\DATA\CODE\COCOS2DXTEMPLATE\BIN\GAME.PDB
C:\data\code\cocos2dXTemplate\build\win32\msvc100\game\..\..\..\..\bin\game.exe
C:\DATA\CODE\COCOS2DXTEMPLATE\BUILD\WIN32\MSVC100\GAME\DEBUG\APPDELEGATE.OBJ
C:\data\code\cocos2dXTemplate\build\win32\msvc100\game\Debug\cl.command.1.tlog
C:\data\code\cocos2dXTemplate\build\win32\msvc100\game\Debug\CL.read.1.tlog
C:\data\code\cocos2dXTemplate\build\win32\msvc100\game\Debug\CL.write.1.tlog
C:\DATA\CODE\COCOS2DXTEMPLATE\BUILD\WIN32\MSVC100\GAME\DEBUG\GAME.EXE.EMBED.MANIFEST
C:\DATA\CODE\COCOS2DXTEMPLATE\BUILD\WIN32\MSVC100\GAME\DEBUG\GAME.EXE.EMBED.MANIFEST.RES
C:\DATA\CODE\COCOS2DXTEMPLATE\BUILD\WIN32\MSVC100\GAME\DEBUG\GAME.EXE.INTERMEDIATE.MANIFEST
C:\data\code\cocos2dXTemplate\build\win32\msvc100\game\Debug\game.write.1.tlog
C:\data\code\cocos2dXTemplate\build\win32\msvc100\game\Debug\game_manifest.rc
C:\DATA\CODE\COCOS2DXTEMPLATE\BUILD\WIN32\MSVC100\GAME\DEBUG\HELLOWORLDSCENE.OBJ
C:\data\code\cocos2dXTemplate\build\win32\msvc100\game\Debug\link.7492.read.1.tlog
C:\data\code\cocos2dXTemplate\build\win32\msvc100\game\Debug\link.7492.write.1.tlog
C:\data\code\cocos2dXTemplate\build\win32\msvc100\game\Debug\link.7492-cvtres.read.1.tlog
C:\data\code\cocos2dXTemplate\build\win32\msvc100\game\Debug\link.7492-cvtres.write.1.tlog
C:\data\code\cocos2dXTemplate\build\win32\msvc100\game\Debug\link.command.1.tlog
C:\data\code\cocos2dXTemplate\build\win32\msvc100\game\Debug\link.read.1.tlog
C:\data\code\cocos2dXTemplate\build\win32\msvc100\game\Debug\link.write.1.tlog
C:\data\code\cocos2dXTemplate\build\win32\msvc100\game\Debug\link-cvtres.read.1.tlog
C:\data\code\cocos2dXTemplate\build\win32\msvc100\game\Debug\link-cvtres.write.1.tlog
C:\DATA\CODE\COCOS2DXTEMPLATE\BUILD\WIN32\MSVC100\GAME\DEBUG\MAIN.OBJ
C:\data\code\cocos2dXTemplate\build\win32\msvc100\game\Debug\mt.command.1.tlog
C:\data\code\cocos2dXTemplate\build\win32\msvc100\game\Debug\mt.read.1.tlog
C:\data\code\cocos2dXTemplate\build\win32\msvc100\game\Debug\mt.write.1.tlog
C:\data\code\cocos2dXTemplate\build\win32\msvc100\game\Debug\rc.command.1.tlog
C:\data\code\cocos2dXTemplate\build\win32\msvc100\game\Debug\rc.read.1.tlog
C:\data\code\cocos2dXTemplate\build\win32\msvc100\game\Debug\rc.write.1.tlog
C:\data\code\cocos2dXTemplate\build\win32\msvc100\game\Debug\vc100.idb
C:\DATA\CODE\COCOS2DXTEMPLATE\BUILD\WIN32\MSVC100\GAME\DEBUG\VC100.PDB
