d:\indie\development\simulo\cheesy\androidjniaudio\build\platform\android\application\x86\debug\libmain.so.recipe
d:\indie\development\simulo\cheesy\androidjniaudio\build\platform\android\application\x86\debug\androidsound.o
d:\indie\development\simulo\cheesy\androidjniaudio\build\platform\android\application\x86\debug\music.o
d:\indie\development\simulo\cheesy\androidjniaudio\build\platform\android\application\x86\debug\main.o
d:\indie\development\simulo\cheesy\androidjniaudio\build\platform\android\application\x86\debug\sound.o
d:\indie\development\simulo\cheesy\androidjniaudio\build\platform\android\application\x86\debug\precompiled.h.gch
d:\indie\development\simulo\cheesy\androidjniaudio\build\platform\android\application\x86\debug\java.o
d:\indie\development\simulo\cheesy\androidjniaudio\build\platform\android\application\x86\debug\androidaudio.o
d:\indie\development\simulo\cheesy\androidjniaudio\build\platform\android\application\x86\debug\stopwatch.o
d:\indie\development\simulo\cheesy\androidjniaudio\build\platform\android\application\x86\debug\sdl_android_main.o
d:\indie\development\simulo\cheesy\androidjniaudio\build\platform\android\application\x86\debug\precompiled.o
d:\indie\development\simulo\cheesy\androidjniaudio\build\platform\android\application\x86\debug\window.o
d:\indie\development\simulo\cheesy\androidjniaudio\build\platform\android\application\x86\debug\input.o
d:\indie\development\simulo\cheesy\androidjniaudio\build\platform\android\application\x86\debug\libmain.so
d:\indie\development\simulo\cheesy\androidjniaudio\build\platform\android\application\x86\debug\applicat.71ba3082.tlog\application.android.write.1u.tlog
d:\indie\development\simulo\cheesy\androidjniaudio\build\platform\android\application\x86\debug\applicat.71ba3082.tlog\clang.command.1.tlog
d:\indie\development\simulo\cheesy\androidjniaudio\build\platform\android\application\x86\debug\applicat.71ba3082.tlog\microsoft.build.cpptasks.clangcompile.read.1.tlog
d:\indie\development\simulo\cheesy\androidjniaudio\build\platform\android\application\x86\debug\applicat.71ba3082.tlog\microsoft.build.cpptasks.clangcompile.write.1.tlog
d:\indie\development\simulo\cheesy\androidjniaudio\build\platform\android\application\x86\debug\applicat.71ba3082.tlog\microsoft.build.cpptasks.clanglink.read.1.tlog
d:\indie\development\simulo\cheesy\androidjniaudio\build\platform\android\application\x86\debug\applicat.71ba3082.tlog\microsoft.build.cpptasks.clanglink.write.1.tlog
